#
# A fatal error has been detected by the Java Runtime Environment:
#
#  SIGSEGV (0xb) at pc=0x0000000106e232b0, pid=45014, tid=20227
#
# JRE version: Java(TM) SE Runtime Environment (8.0_25-b17) (build 1.8.0_25-b17)
# Java VM: Java HotSpot(TM) 64-Bit Server VM (25.25-b02 mixed mode bsd-amd64 compressed oops)
# Problematic frame:
# V  [libjvm.dylib+0x4232b0]
#
# Failed to write core dump. Core dumps have been disabled. To enable core dumping, try "ulimit -c unlimited" before starting Java again
#
# If you would like to submit a bug report, please visit:
#   http://bugreport.sun.com/bugreport/crash.jsp
#

---------------  T H R E A D  ---------------

Current thread (0x00007fc58b833800):  JavaThread "JDWP Transport Listener: dt_socket" daemon [_thread_in_vm, id=20227, stack(0x0000000123885000,0x0000000123985000)]

siginfo: si_signo: 11 (SIGSEGV), si_code: 0 (unknown), si_addr: 0x0000000000000000

Registers:
RAX=0x0000000000000001, RBX=0x0000000123984a8b, RCX=0x00000001071d6c80, RDX=0x0000000123984a8b
RSP=0x00000001239849d0, RBP=0x00000001239849e0, RSI=0x00007fc58b833800, RDI=0x626d6f432f620003
R8 =0x00007fc58a652c80, R9 =0x00007fc58a6523e0, R10=0x00000000910564b1, R11=0x000000002c55425b
R12=0x00007fc58b833800, R13=0x626d6f432f620003, R14=0x626d6f432f620003, R15=0x00007fc58a503530
RIP=0x0000000106e232b0, EFLAGS=0x0000000000010206, ERR=0x0000000000000000
  TRAPNO=0x000000000000000d

Top of Stack: (sp=0x00000001239849d0)
0x00000001239849d0:   0000000123984a8b 0000000123984a8b
0x00000001239849e0:   0000000123984a40 0000000106d3526e
0x00000001239849f0:   00007fc58b833800 0000000000000000
0x0000000123984a00:   0000000000000000 0000000000000000
0x0000000123984a10:   00007fc58b833800 00007fc58b833800
0x0000000123984a20:   0000000123984a8b 0000000123984a90
0x0000000123984a30:   626d6f432f620003 0000000000000002
0x0000000123984a40:   0000000123984a60 0000000107a3f7dc
0x0000000123984a50:   0000000000000001 0000000123984b08
0x0000000123984a60:   0000000123984ad0 0000000107a24263
0x0000000123984a70:   0000000123984aa0 00007fc58a652c60
0x0000000123984a80:   0000000300000032 0000000100984b08
0x0000000123984a90:   0000000000000000 0000000000000000
0x0000000123984aa0:   0000000000000000 0000000123984c90
0x0000000123984ab0:   0000000107a46eca 00007fc58a652170
0x0000000123984ac0:   0000000123984b08 0000000107a52588
0x0000000123984ad0:   0000000123984ae0 0000000107a2435c
0x0000000123984ae0:   0000000123984d00 0000000107a2d8f6
0x0000000123984af0:   0000557f00000013 00000000000f0200
0x0000000123984b00:   00007fc58a651040 0000000123984bf9
0x0000000123984b10:   00007fc50000008b 0000000123984b20
0x0000000123984b20:   00007fc5000000a1 0000000123984b58
0x0000000123984b30:   0000000000000000 00007f0000000000
0x0000000123984b40:   0000557f0000001c 00007fff0000be80
0x0000000123984b50:   0000000123984b58 c57f000003000000
0x0000000123984b60:   0600000000f9438a 000031746e697270
0x0000000123984b70:   6176616a4c281800 72412f6c6974752f
0x0000000123984b80:   3b7473694c796172 4c28480000005629
0x0000000123984b90:   6974752f6176616a 4c79617272412f6c
0x0000000123984ba0:   76616a4c3c747369 4c2f6c6974752f61
0x0000000123984bb0:   73614864656b6e69 616a4c3c74655368
0x0000000123984bc0:   2f676e616c2f6176 3b72656765746e49 

Instructions: (pc=0x0000000106e232b0)
0x0000000106e23290:   40 48 48 85 c0 75 e0 30 c0 0f b6 c0 5d c3 31 c0
0x0000000106e232a0:   5d c3 55 48 89 e5 53 48 83 ec 08 48 85 ff 74 24
0x0000000106e232b0:   48 8b 1f 48 85 db 74 1c 48 83 fb 37 74 16 48 8b
0x0000000106e232c0:   03 48 89 df ff 50 10 84 c0 b8 00 00 00 00 48 0f 

Register to memory mapping:

RAX=0x0000000000000001 is an unknown value
RBX=0x0000000123984a8b is pointing into the stack for thread: 0x00007fc58b833800
RCX=0x00000001071d6c80: UseMembar+0 in /Library/Java/JavaVirtualMachines/jdk1.8.0_25.jdk/Contents/Home/jre/lib/server/libjvm.dylib at 0x0000000106a00000
RDX=0x0000000123984a8b is pointing into the stack for thread: 0x00007fc58b833800
RSP=0x00000001239849d0 is pointing into the stack for thread: 0x00007fc58b833800
RBP=0x00000001239849e0 is pointing into the stack for thread: 0x00007fc58b833800
RSI=0x00007fc58b833800 is a thread
RDI=0x626d6f432f620003 is an unknown value
R8 =0x00007fc58a652c80 is an unknown value
R9 =0x00007fc58a6523e0 is an unknown value
R10=0x00000000910564b1 is an unknown value
R11=0x000000002c55425b is an unknown value
R12=0x00007fc58b833800 is a thread
R13=0x626d6f432f620003 is an unknown value
R14=0x626d6f432f620003 is an unknown value
R15=0x00007fc58a503530 is an unknown value


Stack: [0x0000000123885000,0x0000000123985000],  sp=0x00000001239849d0,  free space=1022k
Native frames: (J=compiled Java code, j=interpreted, Vv=VM code, C=native code)
V  [libjvm.dylib+0x4232b0]
V  [libjvm.dylib+0x33526e]
C  [libjdwp.dylib+0x207dc]  isMethodSynthetic+0x63
C  [libjdwp.dylib+0x5263]  methods1+0x10b
C  [libjdwp.dylib+0x535c]  methodsWithGeneric+0xe
C  [libjdwp.dylib+0xe8f6]  debugLoop_run+0x1ce
C  [libjdwp.dylib+0x1f716]  attachThread+0x4d
V  [libjvm.dylib+0x3762ce]
V  [libjvm.dylib+0x535ed9]
V  [libjvm.dylib+0x53761c]
V  [libjvm.dylib+0x45d87e]
C  [libsystem_pthread.dylib+0x1899]  _pthread_body+0x8a
C  [libsystem_pthread.dylib+0x172a]  _pthread_struct_init+0x0
C  [libsystem_pthread.dylib+0x5fc9]  thread_start+0xd
C  0x0000000000000000


---------------  P R O C E S S  ---------------

Java Threads: ( => current thread )
  0x00007fc58e003000 JavaThread "ReaderThread" [_thread_in_native, id=26119, stack(0x0000000124274000,0x0000000124374000)]
  0x00007fc58d01a000 JavaThread "Service Thread" daemon [_thread_blocked, id=23811, stack(0x0000000123f9a000,0x000000012409a000)]
  0x00007fc58d011000 JavaThread "C1 CompilerThread3" daemon [_thread_blocked, id=23299, stack(0x0000000123e97000,0x0000000123f97000)]
  0x00007fc58d010800 JavaThread "C2 CompilerThread2" daemon [_thread_blocked, id=22787, stack(0x0000000123d94000,0x0000000123e94000)]
  0x00007fc58d005800 JavaThread "C2 CompilerThread1" daemon [_thread_blocked, id=22275, stack(0x0000000123c91000,0x0000000123d91000)]
  0x00007fc58c00b000 JavaThread "C2 CompilerThread0" daemon [_thread_blocked, id=21763, stack(0x0000000123b8e000,0x0000000123c8e000)]
  0x00007fc58b834800 JavaThread "JDWP Command Reader" daemon [_thread_in_native, id=21251, stack(0x0000000123a8b000,0x0000000123b8b000)]
  0x00007fc58d800000 JavaThread "JDWP Event Helper Thread" daemon [_thread_blocked, id=20739, stack(0x0000000123988000,0x0000000123a88000)]
=>0x00007fc58b833800 JavaThread "JDWP Transport Listener: dt_socket" daemon [_thread_in_vm, id=20227, stack(0x0000000123885000,0x0000000123985000)]
  0x00007fc58a80f800 JavaThread "Signal Dispatcher" daemon [_thread_blocked, id=19715, stack(0x000000012377b000,0x000000012387b000)]
  0x00007fc58c006000 JavaThread "Finalizer" daemon [_thread_blocked, id=14595, stack(0x000000012353b000,0x000000012363b000)]
  0x00007fc58c005000 JavaThread "Reference Handler" daemon [_thread_blocked, id=14083, stack(0x0000000123438000,0x0000000123538000)]
  0x00007fc58b801000 JavaThread "main" [_thread_blocked, id=6403, stack(0x000000010791d000,0x0000000107a1d000)]

Other Threads:
  0x00007fc58b85a800 VMThread [stack: 0x0000000123335000,0x0000000123435000] [id=13571]
  0x00007fc58d01a800 WatcherThread [stack: 0x000000012409d000,0x000000012419d000] [id=24323]

VM state:not at safepoint (normal execution)

VM Mutex/Monitor currently owned by a thread: None

Heap:
 PSYoungGen      total 76288K, used 14480K [0x000000076ab00000, 0x0000000770000000, 0x00000007c0000000)
  eden space 65536K, 22% used [0x000000076ab00000,0x000000076b9242c0,0x000000076eb00000)
  from space 10752K, 0% used [0x000000076f580000,0x000000076f580000,0x0000000770000000)
  to   space 10752K, 0% used [0x000000076eb00000,0x000000076eb00000,0x000000076f580000)
 ParOldGen       total 175104K, used 0K [0x00000006c0000000, 0x00000006cab00000, 0x000000076ab00000)
  object space 175104K, 0% used [0x00000006c0000000,0x00000006c0000000,0x00000006cab00000)
 Metaspace       used 7313K, capacity 7366K, committed 7552K, reserved 1056768K
  class space    used 827K, capacity 855K, committed 896K, reserved 1048576K

Card table byte_map: [0x0000000116e2a000,0x000000011762b000] byte_map_base: 0x000000011382a000

Marking Bits: (ParMarkBitMap*) 0x000000010729d390
 Begin Bits: [0x0000000118399000, 0x000000011c399000)
 End Bits:   [0x000000011c399000, 0x0000000120399000)

Polling page: 0x00000001059d8000

CodeCache: size=245760Kb used=1996Kb max_used=1996Kb free=243763Kb
 bounds [0x0000000107a6a000, 0x0000000107cda000, 0x0000000116a6a000]
 total_blobs=737 nmethods=447 adapters=213
 compilation: enabled

Compilation events (10 events):
Event: 0.343 Thread 0x00007fc58d011000  443       3       java.lang.Class::checkMemberAccess (49 bytes)
Event: 0.343 Thread 0x00007fc58d011000 nmethod 443 0x0000000107c54410 code [0x0000000107c545e0, 0x0000000107c54c38]
Event: 0.343 Thread 0x00007fc58d011000  444       3       java.lang.Package::isSealed (13 bytes)
Event: 0.343 Thread 0x00007fc58d011000 nmethod 444 0x0000000107c54090 code [0x0000000107c54200, 0x0000000107c543b0]
Event: 0.343 Thread 0x00007fc58d011000  445       3       java.net.URLClassLoader::isSealed (72 bytes)
Event: 0.344 Thread 0x00007fc58d011000 nmethod 445 0x0000000107c5bf10 code [0x0000000107c5c140, 0x0000000107c5cd78]
Event: 0.344 Thread 0x00007fc58d011000  447   !   3       sun.misc.URLClassPath$JarLoader::checkResource (55 bytes)
Event: 0.344 Thread 0x00007fc58d011000 nmethod 447 0x0000000107c5d310 code [0x0000000107c5d4e0, 0x0000000107c5db68]
Event: 0.344 Thread 0x00007fc58d011000  446       3       java.lang.ClassLoader::compareCerts (149 bytes)
Event: 0.344 Thread 0x00007fc58d011000 nmethod 446 0x0000000107c5ded0 code [0x0000000107c5e0c0, 0x0000000107c5e978]

GC Heap History (0 events):
No events

Deoptimization events (1 events):
Event: 0.323 Thread 0x00007fc58b801000 Uncommon trap: reason=unreached action=reinterpret pc=0x0000000107c19884 method=java.util.HashMap.hash(Ljava/lang/Object;)I @ 1

Internal exceptions (10 events):
Event: 0.344 Thread 0x00007fc58b801000 Exception <a 'java/security/PrivilegedActionException'> (0x000000076b8033e8) thrown at [/HUDSON3/workspace/8-2-build-macosx-x86_64/jdk8u25/1514/hotspot/src/share/vm/prims/jvm.cpp, line 1312]
Event: 0.344 Thread 0x00007fc58b801000 Exception <a 'java/security/PrivilegedActionException'> (0x000000076b8076d0) thrown at [/HUDSON3/workspace/8-2-build-macosx-x86_64/jdk8u25/1514/hotspot/src/share/vm/prims/jvm.cpp, line 1312]
Event: 0.344 Thread 0x00007fc58b801000 Exception <a 'java/security/PrivilegedActionException'> (0x000000076b80b838) thrown at [/HUDSON3/workspace/8-2-build-macosx-x86_64/jdk8u25/1514/hotspot/src/share/vm/prims/jvm.cpp, line 1312]
Event: 0.345 Thread 0x00007fc58b801000 Exception <a 'java/security/PrivilegedActionException'> (0x000000076b80f510) thrown at [/HUDSON3/workspace/8-2-build-macosx-x86_64/jdk8u25/1514/hotspot/src/share/vm/prims/jvm.cpp, line 1312]
Event: 0.345 Thread 0x00007fc58b801000 Exception <a 'java/security/PrivilegedActionException'> (0x000000076b8130d8) thrown at [/HUDSON3/workspace/8-2-build-macosx-x86_64/jdk8u25/1514/hotspot/src/share/vm/prims/jvm.cpp, line 1312]
Event: 0.345 Thread 0x00007fc58b801000 Exception <a 'java/security/PrivilegedActionException'> (0x000000076b815860) thrown at [/HUDSON3/workspace/8-2-build-macosx-x86_64/jdk8u25/1514/hotspot/src/share/vm/prims/jvm.cpp, line 1312]
Event: 0.346 Thread 0x00007fc58b801000 Exception <a 'java/security/PrivilegedActionException'> (0x000000076b81a7d8) thrown at [/HUDSON3/workspace/8-2-build-macosx-x86_64/jdk8u25/1514/hotspot/src/share/vm/prims/jvm.cpp, line 1312]
Event: 0.346 Thread 0x00007fc58b801000 Exception <a 'java/security/PrivilegedActionException'> (0x000000076b81c930) thrown at [/HUDSON3/workspace/8-2-build-macosx-x86_64/jdk8u25/1514/hotspot/src/share/vm/prims/jvm.cpp, line 1312]
Event: 0.346 Thread 0x00007fc58b801000 Exception <a 'java/security/PrivilegedActionException'> (0x000000076b826e08) thrown at [/HUDSON3/workspace/8-2-build-macosx-x86_64/jdk8u25/1514/hotspot/src/share/vm/prims/jvm.cpp, line 1312]
Event: 4.231 Thread 0x00007fc58b801000 Exception <a 'java/security/PrivilegedActionException'> (0x000000076b829870) thrown at [/HUDSON3/workspace/8-2-build-macosx-x86_64/jdk8u25/1514/hotspot/src/share/vm/prims/jvm.cpp, line 1312]

Events (10 events):
Event: 18.474 Executing VM operation: GetCurrentLocation
Event: 18.474 Executing VM operation: GetCurrentLocation done
Event: 18.474 Executing VM operation: ChangeSingleStep
Event: 18.474 Executing VM operation: ChangeSingleStep done
Event: 18.474 Executing VM operation: ChangeSingleStep
Event: 18.474 Executing VM operation: ChangeSingleStep done
Event: 18.537 Executing VM operation: GetOrSetLocal
Event: 18.537 Executing VM operation: GetOrSetLocal done
Event: 105.886 Executing VM operation: RedefineClasses
Event: 105.887 Executing VM operation: RedefineClasses done


Dynamic libraries:
0x00000000003e4000 	/System/Library/Frameworks/Cocoa.framework/Versions/A/Cocoa
0x00000000003e4000 	/System/Library/Frameworks/Security.framework/Versions/A/Security
0x00000000003e4000 	/System/Library/Frameworks/ApplicationServices.framework/Versions/A/ApplicationServices
0x00000000003e4000 	/usr/lib/libz.1.dylib
0x00000000003e4000 	/usr/lib/libSystem.B.dylib
0x00000000003e4000 	/usr/lib/libobjc.A.dylib
0x00000000003e4000 	/System/Library/Frameworks/CoreFoundation.framework/Versions/A/CoreFoundation
0x00000000003e4000 	/System/Library/Frameworks/Foundation.framework/Versions/C/Foundation
0x00000000003e4000 	/System/Library/Frameworks/AppKit.framework/Versions/C/AppKit
0x00000000003e4000 	/System/Library/Frameworks/CoreData.framework/Versions/A/CoreData
0x00000000003e4000 	/System/Library/PrivateFrameworks/RemoteViewServices.framework/Versions/A/RemoteViewServices
0x00000000003e4000 	/System/Library/Frameworks/AudioToolbox.framework/Versions/A/AudioToolbox
0x00000000003e4000 	/System/Library/Frameworks/AudioUnit.framework/Versions/A/AudioUnit
0x00000000003e4000 	/System/Library/PrivateFrameworks/DataDetectorsCore.framework/Versions/A/DataDetectorsCore
0x00000000003e4000 	/System/Library/PrivateFrameworks/DesktopServicesPriv.framework/Versions/A/DesktopServicesPriv
0x00000000003e4000 	/System/Library/Frameworks/Carbon.framework/Versions/A/Frameworks/HIToolbox.framework/Versions/A/HIToolbox
0x00000000003e4000 	/System/Library/Frameworks/QuartzCore.framework/Versions/A/QuartzCore
0x00000000003e4000 	/System/Library/Frameworks/Carbon.framework/Versions/A/Frameworks/SpeechRecognition.framework/Versions/A/SpeechRecognition
0x00000000003e4000 	/usr/lib/libauto.dylib
0x00000000003e4000 	/usr/lib/libicucore.A.dylib
0x00000000003e4000 	/usr/lib/libxml2.2.dylib
0x00000000003e4000 	/System/Library/PrivateFrameworks/CoreUI.framework/Versions/A/CoreUI
0x00000000003e4000 	/System/Library/Frameworks/CoreAudio.framework/Versions/A/CoreAudio
0x00000000003e4000 	/System/Library/Frameworks/DiskArbitration.framework/Versions/A/DiskArbitration
0x00000000003e4000 	/usr/lib/liblangid.dylib
0x00000000003e4000 	/System/Library/PrivateFrameworks/MultitouchSupport.framework/Versions/A/MultitouchSupport
0x00000000003e4000 	/System/Library/Frameworks/IOKit.framework/Versions/A/IOKit
0x00000000003e4000 	/usr/lib/libDiagnosticMessagesClient.dylib
0x00000000003e4000 	/System/Library/Frameworks/CoreServices.framework/Versions/A/CoreServices
0x00000000003e4000 	/System/Library/PrivateFrameworks/PerformanceAnalysis.framework/Versions/A/PerformanceAnalysis
0x00000000003e4000 	/System/Library/PrivateFrameworks/GenerationalStorage.framework/Versions/A/GenerationalStorage
0x00000000003e4000 	/System/Library/Frameworks/OpenGL.framework/Versions/A/OpenGL
0x00000000003e4000 	/System/Library/PrivateFrameworks/Sharing.framework/Versions/A/Sharing
0x00000000003e4000 	/System/Library/Frameworks/ImageIO.framework/Versions/A/ImageIO
0x00000000003e4000 	/System/Library/Frameworks/CoreText.framework/Versions/A/CoreText
0x00000000003e4000 	/System/Library/Frameworks/CoreGraphics.framework/Versions/A/CoreGraphics
0x00000000003e4000 	/System/Library/PrivateFrameworks/Backup.framework/Versions/A/Backup
0x00000000003e4000 	/System/Library/Frameworks/CFNetwork.framework/Versions/A/CFNetwork
0x00000000003e4000 	/System/Library/Frameworks/SystemConfiguration.framework/Versions/A/SystemConfiguration
0x00000000003e4000 	/usr/lib/libCRFSuite.dylib
0x00000000003e4000 	/usr/lib/libc++.1.dylib
0x00000000003e4000 	/usr/lib/libc++abi.dylib
0x00000000003e4000 	/usr/lib/system/libcache.dylib
0x00000000003e4000 	/usr/lib/system/libcommonCrypto.dylib
0x00000000003e4000 	/usr/lib/system/libcompiler_rt.dylib
0x00000000003e4000 	/usr/lib/system/libcopyfile.dylib
0x00000000003e4000 	/usr/lib/system/libcorecrypto.dylib
0x00000000003e4000 	/usr/lib/system/libdispatch.dylib
0x00000000003e4000 	/usr/lib/system/libdyld.dylib
0x00000000003e4000 	/usr/lib/system/libkeymgr.dylib
0x00000000003e4000 	/usr/lib/system/liblaunch.dylib
0x00000000003e4000 	/usr/lib/system/libmacho.dylib
0x00000000003e4000 	/usr/lib/system/libquarantine.dylib
0x00000000003e4000 	/usr/lib/system/libremovefile.dylib
0x00000000003e4000 	/usr/lib/system/libsystem_asl.dylib
0x00000000003e4000 	/usr/lib/system/libsystem_blocks.dylib
0x00000000003e4000 	/usr/lib/system/libsystem_c.dylib
0x00000000003e4000 	/usr/lib/system/libsystem_configuration.dylib
0x00000000003e4000 	/usr/lib/system/libsystem_dnssd.dylib
0x00000000003e4000 	/usr/lib/system/libsystem_info.dylib
0x00000000003e4000 	/usr/lib/system/libsystem_kernel.dylib
0x00000000003e4000 	/usr/lib/system/libsystem_m.dylib
0x00000000003e4000 	/usr/lib/system/libsystem_malloc.dylib
0x00000000003e4000 	/usr/lib/system/libsystem_network.dylib
0x00000000003e4000 	/usr/lib/system/libsystem_notify.dylib
0x00000000003e4000 	/usr/lib/system/libsystem_platform.dylib
0x00000000003e4000 	/usr/lib/system/libsystem_pthread.dylib
0x00000000003e4000 	/usr/lib/system/libsystem_sandbox.dylib
0x00000000003e4000 	/usr/lib/system/libsystem_stats.dylib
0x00000000003e4000 	/usr/lib/system/libunc.dylib
0x00000000003e4000 	/usr/lib/system/libunwind.dylib
0x00000000003e4000 	/usr/lib/system/libxpc.dylib
0x00000000003e4000 	/usr/lib/libbsm.0.dylib
0x00000000003e4000 	/usr/lib/libsqlite3.dylib
0x00000000003e4000 	/usr/lib/libxar.1.dylib
0x00000000003e4000 	/usr/lib/libpam.2.dylib
0x00000000003e4000 	/usr/lib/libOpenScriptingUtil.dylib
0x00000000003e4000 	/usr/lib/libbz2.1.0.dylib
0x00000000003e4000 	/System/Library/Frameworks/CoreServices.framework/Versions/A/Frameworks/CarbonCore.framework/Versions/A/CarbonCore
0x00000000003e4000 	/System/Library/Frameworks/CoreServices.framework/Versions/A/Frameworks/Metadata.framework/Versions/A/Metadata
0x00000000003e4000 	/System/Library/Frameworks/CoreServices.framework/Versions/A/Frameworks/OSServices.framework/Versions/A/OSServices
0x00000000003e4000 	/System/Library/Frameworks/CoreServices.framework/Versions/A/Frameworks/SearchKit.framework/Versions/A/SearchKit
0x00000000003e4000 	/System/Library/Frameworks/CoreServices.framework/Versions/A/Frameworks/AE.framework/Versions/A/AE
0x00000000003e4000 	/System/Library/Frameworks/CoreServices.framework/Versions/A/Frameworks/LaunchServices.framework/Versions/A/LaunchServices
0x00000000003e4000 	/System/Library/Frameworks/CoreServices.framework/Versions/A/Frameworks/DictionaryServices.framework/Versions/A/DictionaryServices
0x00000000003e4000 	/System/Library/Frameworks/NetFS.framework/Versions/A/NetFS
0x00000000003e4000 	/usr/lib/system/libkxld.dylib
0x00000000003e4000 	/System/Library/PrivateFrameworks/NetAuth.framework/Versions/A/NetAuth
0x00000000003e4000 	/System/Library/PrivateFrameworks/TCC.framework/Versions/A/TCC
0x00000000003e4000 	/System/Library/Frameworks/OpenDirectory.framework/Versions/A/Frameworks/CFOpenDirectory.framework/Versions/A/CFOpenDirectory
0x00000000003e4000 	/System/Library/Frameworks/ServiceManagement.framework/Versions/A/ServiceManagement
0x00000000003e4000 	/usr/lib/libxslt.1.dylib
0x00000000003e4000 	/System/Library/Frameworks/Carbon.framework/Versions/A/Frameworks/Ink.framework/Versions/A/Ink
0x00000000003e4000 	/System/Library/Frameworks/ApplicationServices.framework/Versions/A/Frameworks/ATS.framework/Versions/A/ATS
0x00000000003e4000 	/System/Library/Frameworks/ApplicationServices.framework/Versions/A/Frameworks/ColorSync.framework/Versions/A/ColorSync
0x00000000003e4000 	/System/Library/Frameworks/ApplicationServices.framework/Versions/A/Frameworks/HIServices.framework/Versions/A/HIServices
0x00000000003e4000 	/System/Library/Frameworks/ApplicationServices.framework/Versions/A/Frameworks/LangAnalysis.framework/Versions/A/LangAnalysis
0x00000000003e4000 	/System/Library/Frameworks/ApplicationServices.framework/Versions/A/Frameworks/PrintCore.framework/Versions/A/PrintCore
0x00000000003e4000 	/System/Library/Frameworks/ApplicationServices.framework/Versions/A/Frameworks/QD.framework/Versions/A/QD
0x00000000003e4000 	/System/Library/Frameworks/ApplicationServices.framework/Versions/A/Frameworks/SpeechSynthesis.framework/Versions/A/SpeechSynthesis
0x00000000003e4000 	/System/Library/Frameworks/IOSurface.framework/Versions/A/IOSurface
0x00000000003e4000 	/System/Library/Frameworks/Accelerate.framework/Versions/A/Accelerate
0x00000000003e4000 	/System/Library/Frameworks/Accelerate.framework/Versions/A/Frameworks/vImage.framework/Versions/A/vImage
0x00000000003e4000 	/System/Library/Frameworks/Accelerate.framework/Versions/A/Frameworks/vecLib.framework/Versions/A/vecLib
0x00000000003e4000 	/System/Library/Frameworks/Accelerate.framework/Versions/A/Frameworks/vecLib.framework/Versions/A/libvDSP.dylib
0x00000000003e4000 	/System/Library/Frameworks/Accelerate.framework/Versions/A/Frameworks/vecLib.framework/Versions/A/libvMisc.dylib
0x00000000003e4000 	/System/Library/Frameworks/Accelerate.framework/Versions/A/Frameworks/vecLib.framework/Versions/A/libLAPACK.dylib
0x00000000003e4000 	/System/Library/Frameworks/Accelerate.framework/Versions/A/Frameworks/vecLib.framework/Versions/A/libBLAS.dylib
0x00000000003e4000 	/System/Library/Frameworks/ApplicationServices.framework/Versions/A/Frameworks/ATS.framework/Versions/A/Resources/libFontParser.dylib
0x00000000003e4000 	/System/Library/Frameworks/ApplicationServices.framework/Versions/A/Frameworks/ATS.framework/Versions/A/Resources/libFontRegistry.dylib
0x00000000003e4000 	/System/Library/Frameworks/ImageIO.framework/Versions/A/Resources/libJPEG.dylib
0x00000000003e4000 	/System/Library/Frameworks/ImageIO.framework/Versions/A/Resources/libTIFF.dylib
0x00000000003e4000 	/System/Library/Frameworks/ImageIO.framework/Versions/A/Resources/libPng.dylib
0x00000000003e4000 	/System/Library/Frameworks/ImageIO.framework/Versions/A/Resources/libGIF.dylib
0x00000000003e4000 	/System/Library/Frameworks/ImageIO.framework/Versions/A/Resources/libJP2.dylib
0x00000000003e4000 	/System/Library/Frameworks/ImageIO.framework/Versions/A/Resources/libRadiance.dylib
0x00000000003e4000 	/usr/lib/libcups.2.dylib
0x00000000003e4000 	/System/Library/Frameworks/Kerberos.framework/Versions/A/Kerberos
0x00000000003e4000 	/System/Library/Frameworks/GSS.framework/Versions/A/GSS
0x00000000003e4000 	/usr/lib/libresolv.9.dylib
0x00000000003e4000 	/usr/lib/libiconv.2.dylib
0x00000000003e4000 	/System/Library/PrivateFrameworks/Heimdal.framework/Versions/A/Heimdal
0x00000000003e4000 	/System/Library/PrivateFrameworks/TrustEvaluationAgent.framework/Versions/A/TrustEvaluationAgent
0x00000000003e4000 	/usr/lib/libheimdal-asn1.dylib
0x00000000003e4000 	/System/Library/Frameworks/OpenDirectory.framework/Versions/A/OpenDirectory
0x00000000003e4000 	/System/Library/PrivateFrameworks/CommonAuth.framework/Versions/A/CommonAuth
0x00000000003e4000 	/System/Library/Frameworks/SecurityFoundation.framework/Versions/A/SecurityFoundation
0x00000000003e4000 	/System/Library/PrivateFrameworks/Bom.framework/Versions/A/Bom
0x00000000003e4000 	/System/Library/Frameworks/CoreVideo.framework/Versions/A/CoreVideo
0x00000000003e4000 	/System/Library/Frameworks/QuartzCore.framework/Versions/A/Frameworks/CoreImage.framework/Versions/A/CoreImage
0x00000000003e4000 	/System/Library/Frameworks/QuartzCore.framework/Versions/A/Frameworks/ScalableUserInterface.framework/Versions/A/ScalableUserInterface
0x00000000003e4000 	/System/Library/Frameworks/OpenGL.framework/Versions/A/Libraries/libGLU.dylib
0x00000000003e4000 	/System/Library/Frameworks/OpenGL.framework/Versions/A/Libraries/libGFXShared.dylib
0x00000000003e4000 	/System/Library/Frameworks/OpenGL.framework/Versions/A/Libraries/libGL.dylib
0x00000000003e4000 	/System/Library/Frameworks/OpenGL.framework/Versions/A/Libraries/libGLImage.dylib
0x00000000003e4000 	/System/Library/Frameworks/OpenGL.framework/Versions/A/Libraries/libCVMSPluginSupport.dylib
0x00000000003e4000 	/System/Library/Frameworks/OpenGL.framework/Versions/A/Libraries/libCoreVMClient.dylib
0x00000000003e4000 	/System/Library/PrivateFrameworks/FaceCore.framework/Versions/A/FaceCore
0x00000000003e4000 	/System/Library/PrivateFrameworks/CrashReporterSupport.framework/Versions/A/CrashReporterSupport
0x00000000003e4000 	/System/Library/Frameworks/OpenCL.framework/Versions/A/OpenCL
0x00000000003e4000 	/System/Library/PrivateFrameworks/AppleFSCompression.framework/Versions/A/AppleFSCompression
0x00000000003e4000 	/System/Library/PrivateFrameworks/Ubiquity.framework/Versions/A/Ubiquity
0x00000000003e4000 	/System/Library/PrivateFrameworks/IconServices.framework/Versions/A/IconServices
0x00000000003e4000 	/System/Library/PrivateFrameworks/ChunkingLibrary.framework/Versions/A/ChunkingLibrary
0x00000000003e4000 	/System/Library/PrivateFrameworks/CoreSymbolication.framework/Versions/A/CoreSymbolication
0x00000000003e4000 	/System/Library/PrivateFrameworks/Symbolication.framework/Versions/A/Symbolication
0x00000000003e4000 	/System/Library/PrivateFrameworks/DebugSymbols.framework/Versions/A/DebugSymbols
0x0000000106a00000 	/Library/Java/JavaVirtualMachines/jdk1.8.0_25.jdk/Contents/Home/jre/lib/server/libjvm.dylib
0x00000000003e4000 	/usr/lib/libstdc++.6.dylib
0x0000000105996000 	/Library/Java/JavaVirtualMachines/jdk1.8.0_25.jdk/Contents/Home/jre/lib/libverify.dylib
0x00000001059a4000 	/Library/Java/JavaVirtualMachines/jdk1.8.0_25.jdk/Contents/Home/jre/lib/libjava.dylib
0x0000000107a1f000 	/Library/Java/JavaVirtualMachines/jdk1.8.0_25.jdk/Contents/Home/jre/lib/libjdwp.dylib
0x00000001059d9000 	/Library/Java/JavaVirtualMachines/jdk1.8.0_25.jdk/Contents/Home/jre/lib/libnpt.dylib
0x00000001059e6000 	/Library/Java/JavaVirtualMachines/jdk1.8.0_25.jdk/Contents/Home/jre/lib/libzip.dylib
0x000000012363d000 	/System/Library/Frameworks/JavaVM.framework/Frameworks/JavaRuntimeSupport.framework/JavaRuntimeSupport
0x0000000123655000 	/System/Library/Frameworks/JavaVM.framework/Versions/A/Frameworks/JavaNativeFoundation.framework/Versions/A/JavaNativeFoundation
0x00000001059f0000 	/System/Library/Frameworks/JavaVM.framework/Versions/A/JavaVM
0x00000000003e4000 	/System/Library/Frameworks/Carbon.framework/Versions/A/Carbon
0x0000000123669000 	/System/Library/PrivateFrameworks/JavaLaunching.framework/Versions/A/JavaLaunching
0x00000000003e4000 	/System/Library/Frameworks/Carbon.framework/Versions/A/Frameworks/CommonPanels.framework/Versions/A/CommonPanels
0x00000000003e4000 	/System/Library/Frameworks/Carbon.framework/Versions/A/Frameworks/Help.framework/Versions/A/Help
0x00000000003e4000 	/System/Library/Frameworks/Carbon.framework/Versions/A/Frameworks/ImageCapture.framework/Versions/A/ImageCapture
0x00000000003e4000 	/System/Library/Frameworks/Carbon.framework/Versions/A/Frameworks/OpenScripting.framework/Versions/A/OpenScripting
0x00000000003e4000 	/System/Library/Frameworks/Carbon.framework/Versions/A/Frameworks/Print.framework/Versions/A/Print
0x00000000003e4000 	/System/Library/Frameworks/Carbon.framework/Versions/A/Frameworks/SecurityHI.framework/Versions/A/SecurityHI
0x000000012387d000 	/Library/Java/JavaVirtualMachines/jdk1.8.0_25.jdk/Contents/Home/jre/lib/libdt_socket.dylib
0x0000000124214000 	/Library/Java/JavaVirtualMachines/jdk1.8.0_25.jdk/Contents/Home/jre/lib/libnet.dylib

VM Arguments:
jvm_args: -agentlib:jdwp=transport=dt_socket,suspend=y,address=localhost:57473 -Denv=stg -Dwebdriver.chrome.driver=/Users/apatta2/MyData/software/chrome-driver/chromedriver -Dphantomjs.binary.path=/Users/apatta2/MyData/software/phantomjs/phantomjs -Dwebdriver=htmlunitdriver -ea -Dfile.encoding=UTF-8 
java_command: org.testng.remote.RemoteTestNG -serport 57472 -d /Users/apatta2/MyData/git-repos/DataStructuresNAlgos/test-output /var/folders/61/3sfc4bs536911t85dn__nn2hr4g5sh/T/testng-eclipse-2079664460/testng-customsuite.xml
java_class_path (initial): /Users/apatta2/MyInstal/eclipse/plugins/org.testng.eclipse_6.8.6.20141201_2240/lib/testng.jar:/Users/apatta2/MyData/git-repos/DataStructuresNAlgos/target/test-classes:/Users/apatta2/MyData/git-repos/DataStructuresNAlgos/target/classes:/Users/apatta2/.m2/repository/org/testng/testng/6.8.8/testng-6.8.8.jar:/Users/apatta2/.m2/repository/org/beanshell/bsh/2.0b4/bsh-2.0b4.jar:/Users/apatta2/.m2/repository/com/beust/jcommander/1.27/jcommander-1.27.jar:/Users/apatta2/.m2/repository/org/reflections/reflections/0.9.9-RC1/reflections-0.9.9-RC1.jar:/Users/apatta2/.m2/repository/com/google/guava/guava/11.0.2/guava-11.0.2.jar:/Users/apatta2/.m2/repository/com/google/code/findbugs/jsr305/1.3.9/jsr305-1.3.9.jar:/Users/apatta2/.m2/repository/org/javassist/javassist/3.16.1-GA/javassist-3.16.1-GA.jar:/Users/apatta2/.m2/repository/dom4j/dom4j/1.6.1/dom4j-1.6.1.jar:/Users/apatta2/.m2/repository/xml-apis/xml-apis/1.0.b2/xml-apis-1.0.b2.jar
Launcher Type: SUN_STANDARD

Environment Variables:
PATH=/usr/bin:/bin:/usr/sbin:/sbin
SHELL=/bin/bash

Signal Handlers:
SIGSEGV: [libjvm.dylib+0x579dc7], sa_mask[0]=11111111011111110111111111111111, sa_flags=SA_ONSTACK|SA_RESTART|SA_SIGINFO
SIGBUS: [libjvm.dylib+0x579dc7], sa_mask[0]=11111111011111110111111111111111, sa_flags=SA_RESTART|SA_SIGINFO
SIGFPE: [libjvm.dylib+0x45b030], sa_mask[0]=11111111011111110111111111111111, sa_flags=SA_RESTART|SA_SIGINFO
SIGPIPE: [libjvm.dylib+0x45b030], sa_mask[0]=11111111011111110111111111111111, sa_flags=SA_RESTART|SA_SIGINFO
SIGXFSZ: [libjvm.dylib+0x45b030], sa_mask[0]=11111111011111110111111111111111, sa_flags=SA_RESTART|SA_SIGINFO
SIGILL: [libjvm.dylib+0x45b030], sa_mask[0]=11111111011111110111111111111111, sa_flags=SA_RESTART|SA_SIGINFO
SIGUSR1: SIG_DFL, sa_mask[0]=00000000000000000000000000000000, sa_flags=SA_RESTART
SIGUSR2: [libjvm.dylib+0x45ab4e], sa_mask[0]=00100000000000000000000000000000, sa_flags=SA_RESTART|SA_SIGINFO
SIGHUP: [libjvm.dylib+0x459121], sa_mask[0]=11111111011111110111111111111111, sa_flags=SA_RESTART|SA_SIGINFO
SIGINT: [libjvm.dylib+0x459121], sa_mask[0]=11111111011111110111111111111111, sa_flags=SA_RESTART|SA_SIGINFO
SIGTERM: [libjvm.dylib+0x459121], sa_mask[0]=11111111011111110111111111111111, sa_flags=SA_RESTART|SA_SIGINFO
SIGQUIT: [libjvm.dylib+0x459121], sa_mask[0]=11111111011111110111111111111111, sa_flags=SA_RESTART|SA_SIGINFO


---------------  S Y S T E M  ---------------

OS:Bsduname:Darwin 13.4.0 Darwin Kernel Version 13.4.0: Wed Dec 17 19:05:52 PST 2014; root:xnu-2422.115.10~1/RELEASE_X86_64 x86_64
rlimit: STACK 8192k, CORE 0k, NPROC 709, NOFILE 10240, AS infinity
load average:2.50 2.40 3.15

CPU:total 8 (4 cores per cpu, 2 threads per core) family 6 model 70 stepping 1, cmov, cx8, fxsr, mmx, sse, sse2, sse3, ssse3, sse4.1, sse4.2, popcnt, avx, avx2, aes, clmul, erms, rtm, lzcnt, ht, tsc, tscinvbit, bmi1, bmi2

Memory: 4k page, physical 16777216k(3239324k free)

/proc/meminfo:


vm_info: Java HotSpot(TM) 64-Bit Server VM (25.25-b02) for bsd-amd64 JRE (1.8.0_25-b17), built on Sep 17 2014 16:56:50 by "java_re" with gcc 4.2.1 (Based on Apple Inc. build 5658) (LLVM build 2336.11.00)

time: Sat Apr  4 10:09:49 2015
elapsed time: 105 seconds (0d 0h 1m 45s)

